<?xml version="1.0" encoding="UTF-8"?>
<!-- Generated by org.testng.reporters.JUnitReportReporter -->
<testsuite hostname="LAPTOP-NSCD4DJF" failures="0" tests="1" name="gettingstarted.installbrowserdriver.InstallBrowserDriversTest" time="16.887" errors="0" timestamp="2022-08-27T01:27:49 ADT" skipped="0">
  <testcase classname="gettingstarted.installbrowserdriver.InstallBrowserDriversTest" name="fireFoxBrowserDriverInstallTest" time="16.887"/>
  <system-out/>
</testsuite> <!-- gettingstarted.installbrowserdriver.InstallBrowserDriversTest -->
